# JRE version: OpenJDK Runtime Environment (11.0.1+13) (build 11.0.1+13)
# Java VM: OpenJDK 64-Bit Server VM (11.0.1+13, mixed mode, tiered, compressed oops, g1 gc, windows-amd64)
Heap:
 garbage-first heap   total 260096K, used 107810K [0x0000000703e00000, 0x0000000800000000)
  region size 1024K, 101 young (103424K), 8 survivors (8192K)
 Metaspace       used 47844K, capacity 49109K, committed 49152K, reserved 1091584K
  class space    used 5842K, capacity 6367K, committed 6400K, reserved 1048576K
GC Heap History (10 events):
Event: 3.065 GC heap before
{Heap before GC invocations=0 (full 0):
 garbage-first heap   total 260096K, used 24576K [0x0000000703e00000, 0x0000000800000000)
  region size 1024K, 24 young (24576K), 0 survivors (0K)
 Metaspace       used 9859K, capacity 9981K, committed 10240K, reserved 1058816K
  class space    used 915K, capacity 944K, committed 1024K, reserved 1048576K
}
Event: 3.068 GC heap after
{Heap after GC invocations=1 (full 0):
 garbage-first heap   total 260096K, used 5521K [0x0000000703e00000, 0x0000000800000000)
  region size 1024K, 3 young (3072K), 3 survivors (3072K)
 Metaspace       used 9859K, capacity 9981K, committed 10240K, reserved 1058816K
  class space    used 915K, capacity 944K, committed 1024K, reserved 1048576K
}
Event: 3.964 GC heap before
{Heap before GC invocations=1 (full 0):
 garbage-first heap   total 260096K, used 59793K [0x0000000703e00000, 0x0000000800000000)
  region size 1024K, 57 young (58368K), 3 survivors (3072K)
 Metaspace       used 20635K, capacity 21079K, committed 21248K, reserved 1069056K
  class space    used 2235K, capacity 2452K, committed 2560K, reserved 1048576K
}
Event: 3.970 GC heap after
{Heap after GC invocations=2 (full 0):
 garbage-first heap   total 260096K, used 8108K [0x0000000703e00000, 0x0000000800000000)
  region size 1024K, 6 young (6144K), 6 survivors (6144K)
 Metaspace       used 20635K, capacity 21079K, committed 21248K, reserved 1069056K
  class space    used 2235K, capacity 2452K, committed 2560K, reserved 1048576K
}
Event: 4.554 GC heap before
{Heap before GC invocations=3 (full 0):
 garbage-first heap   total 260096K, used 62380K [0x0000000703e00000, 0x0000000800000000)
  region size 1024K, 60 young (61440K), 6 survivors (6144K)
 Metaspace       used 26021K, capacity 26674K, committed 26752K, reserved 1073152K
  class space    used 2902K, capacity 3179K, committed 3200K, reserved 1048576K
}
Event: 4.560 GC heap after
{Heap after GC invocations=4 (full 0):
 garbage-first heap   total 260096K, used 10069K [0x0000000703e00000, 0x0000000800000000)
  region size 1024K, 5 young (5120K), 5 survivors (5120K)
 Metaspace       used 26021K, capacity 26674K, committed 26752K, reserved 1073152K
  class space    used 2902K, capacity 3179K, committed 3200K, reserved 1048576K
}
Event: 5.771 GC heap before
{Heap before GC invocations=4 (full 0):
 garbage-first heap   total 260096K, used 90965K [0x0000000703e00000, 0x0000000800000000)
  region size 1024K, 80 young (81920K), 5 survivors (5120K)
 Metaspace       used 34127K, capacity 34996K, committed 35072K, reserved 1079296K
  class space    used 3913K, capacity 4302K, committed 4352K, reserved 1048576K
}
Event: 5.778 GC heap after
{Heap after GC invocations=5 (full 0):
 garbage-first heap   total 260096K, used 13150K [0x0000000703e00000, 0x0000000800000000)
  region size 1024K, 8 young (8192K), 8 survivors (8192K)
 Metaspace       used 34127K, capacity 34996K, committed 35072K, reserved 1079296K
  class space    used 3913K, capacity 4302K, committed 4352K, reserved 1048576K
}
Event: 5.884 GC heap before
{Heap before GC invocations=5 (full 0):
 garbage-first heap   total 260096K, used 20318K [0x0000000703e00000, 0x0000000800000000)
  region size 1024K, 16 young (16384K), 8 survivors (8192K)
 Metaspace       used 34843K, capacity 35714K, committed 35840K, reserved 1081344K
  class space    used 4010K, capacity 4392K, committed 4480K, reserved 1048576K
}
Event: 5.894 GC heap after
{Heap after GC invocations=6 (full 0):
 garbage-first heap   total 260096K, used 13602K [0x0000000703e00000, 0x0000000800000000)
  region size 1024K, 8 young (8192K), 8 survivors (8192K)
 Metaspace       used 34843K, capacity 35714K, committed 35840K, reserved 1081344K
  class space    used 4010K, capacity 4392K, committed 4480K, reserved 1048576K
}

