# JRE version: OpenJDK Runtime Environment (11.0.1+13) (build 11.0.1+13)
# Java VM: OpenJDK 64-Bit Server VM (11.0.1+13, mixed mode, tiered, compressed oops, g1 gc, windows-amd64)
Heap:
 garbage-first heap   total 260096K, used 62381K [0x0000000703e00000, 0x0000000800000000)
  region size 1024K, 56 young (57344K), 5 survivors (5120K)
 Metaspace       used 30193K, capacity 30886K, committed 31232K, reserved 1077248K
  class space    used 3424K, capacity 3717K, committed 3840K, reserved 1048576K
GC Heap History (6 events):
Event: 3.811 GC heap before
{Heap before GC invocations=0 (full 0):
 garbage-first heap   total 260096K, used 24576K [0x0000000703e00000, 0x0000000800000000)
  region size 1024K, 24 young (24576K), 0 survivors (0K)
 Metaspace       used 9199K, capacity 9321K, committed 9344K, reserved 1058816K
  class space    used 833K, capacity 875K, committed 896K, reserved 1048576K
}
Event: 3.815 GC heap after
{Heap after GC invocations=1 (full 0):
 garbage-first heap   total 260096K, used 6344K [0x0000000703e00000, 0x0000000800000000)
  region size 1024K, 3 young (3072K), 3 survivors (3072K)
 Metaspace       used 9199K, capacity 9321K, committed 9344K, reserved 1058816K
  class space    used 833K, capacity 875K, committed 896K, reserved 1048576K
}
Event: 4.994 GC heap before
{Heap before GC invocations=1 (full 0):
 garbage-first heap   total 260096K, used 70856K [0x0000000703e00000, 0x0000000800000000)
  region size 1024K, 67 young (68608K), 3 survivors (3072K)
 Metaspace       used 20624K, capacity 21128K, committed 21248K, reserved 1069056K
  class space    used 2222K, capacity 2450K, committed 2560K, reserved 1048576K
}
Event: 5.000 GC heap after
{Heap after GC invocations=2 (full 0):
 garbage-first heap   total 260096K, used 8438K [0x0000000703e00000, 0x0000000800000000)
  region size 1024K, 6 young (6144K), 6 survivors (6144K)
 Metaspace       used 20624K, capacity 21128K, committed 21248K, reserved 1069056K
  class space    used 2222K, capacity 2450K, committed 2560K, reserved 1048576K
}
Event: 6.521 GC heap before
{Heap before GC invocations=3 (full 0):
 garbage-first heap   total 260096K, used 71926K [0x0000000703e00000, 0x0000000800000000)
  region size 1024K, 69 young (70656K), 6 survivors (6144K)
 Metaspace       used 27051K, capacity 27701K, committed 27904K, reserved 1073152K
  class space    used 2999K, capacity 3248K, committed 3328K, reserved 1048576K
}
Event: 6.531 GC heap after
{Heap after GC invocations=4 (full 0):
 garbage-first heap   total 260096K, used 11181K [0x0000000703e00000, 0x0000000800000000)
  region size 1024K, 5 young (5120K), 5 survivors (5120K)
 Metaspace       used 27051K, capacity 27701K, committed 27904K, reserved 1073152K
  class space    used 2999K, capacity 3248K, committed 3328K, reserved 1048576K
}

